<?xml version="1.0" encoding="UTF-8"?>
<testng-results ignored="0" total="1" passed="1" failed="0" skipped="0">
  <reporter-output>
  </reporter-output>
  <suite started-at="2023-01-29T18:45:02 IST" name="Default suite" finished-at="2023-01-29T18:46:11 IST" duration-ms="69309">
    <groups>
    </groups>
    <test started-at="2023-01-29T18:45:02 IST" name="Default test" finished-at="2023-01-29T18:46:11 IST" duration-ms="69309">
      <class name="appium_test.BanjaraTest">
        <test-method signature="test1()[pri:0, instance:appium_test.BanjaraTest@48f2bd5b]" started-at="2023-01-29T18:45:02 IST" name="test1" finished-at="2023-01-29T18:46:11 IST" duration-ms="69260" status="PASS">
          <reporter-output>
          </reporter-output>
        </test-method> <!-- test1 -->
      </class> <!-- appium_test.BanjaraTest -->
    </test> <!-- Default test -->
  </suite> <!-- Default suite -->
</testng-results>
